{
  "stats": {
    "suites": 1,
    "tests": 1,
    "passes": 1,
    "pending": 0,
    "failures": 0,
    "start": "2026-04-17T09:55:11.489Z",
    "end": "2026-04-17T09:55:15.438Z",
    "duration": 3949,
    "testsRegistered": 1,
    "passPercent": 100,
    "pendingPercent": 0,
    "other": 0,
    "hasOther": false,
    "skipped": 0,
    "hasSkipped": false
  },
  "results": [
    {
      "uuid": "fbe053e8-ce20-4b46-8a85-6d8be41cdeba",
      "title": "",
      "fullFile": "cypress\\e2e\\xss.cy.js",
      "file": "cypress\\e2e\\xss.cy.js",
      "beforeHooks": [],
      "afterHooks": [],
      "tests": [],
      "suites": [
        {
          "uuid": "be30e672-842e-4dc3-851d-6b6bd4ff2ea5",
          "title": "XSS Security Testing",
          "fullFile": "",
          "file": "",
          "beforeHooks": [],
          "afterHooks": [],
          "tests": [
            {
              "title": "should not execute a script injected in the review comment field",
              "fullTitle": "XSS Security Testing should not execute a script injected in the review comment field",
              "timedOut": null,
              "duration": 3838,
              "state": "passed",
              "speed": "fast",
              "pass": true,
              "fail": false,
              "pending": false,
              "context": null,
              "code": "const title = _faker.fakerFR.word.words(3);\nconst comment = '<script>alert(\"XSS\")</script>';\nconst rating = _faker.fakerFR.number.int({\n  min: 1,\n  max: 5\n});\ncy.intercept('POST', '**/login').as('POSTlogin');\ncy.loginFront();\ncy.wait('@POSTlogin').then(() => {\n  cy.getbydataCy('nav-link-reviews').click();\n  cy.getbydataCy('review-input-rating-images').click().find('img').eq(rating - 1).click();\n  cy.getbydataCy('review-input-title').type(title);\n  cy.getbydataCy('review-input-comment').type(comment);\n  cy.intercept('POST', '**/reviews').as('postReview');\n  cy.getbydataCy('review-submit').click();\n  cy.wait('@postReview');\n  cy.on('window:alert', () => {\n    throw new Error('XSS vulnerability detected: alert was executed');\n  });\n});",
              "err": {},
              "uuid": "7d8da7ba-220a-4264-9e31-19166f284a9e",
              "parentUUID": "be30e672-842e-4dc3-851d-6b6bd4ff2ea5",
              "isHook": false,
              "skipped": false
            }
          ],
          "suites": [],
          "passes": [
            "7d8da7ba-220a-4264-9e31-19166f284a9e"
          ],
          "failures": [],
          "pending": [],
          "skipped": [],
          "duration": 3838,
          "root": false,
          "rootEmpty": false,
          "_timeout": 2000
        }
      ],
      "passes": [],
      "failures": [],
      "pending": [],
      "skipped": [],
      "duration": 0,
      "root": true,
      "rootEmpty": true,
      "_timeout": 2000
    }
  ],
  "meta": {
    "mocha": {
      "version": "7.2.0"
    },
    "mochawesome": {
      "options": {
        "quiet": false,
        "reportFilename": "mochawesome",
        "saveHtml": true,
        "saveJson": true,
        "consoleReporter": "spec",
        "useInlineDiffs": false,
        "code": true
      },
      "version": "7.1.4"
    },
    "marge": {
      "options": {
        "reportDir": "cypress/reports",
        "overwrite": false,
        "html": true,
        "json": true
      },
      "version": "6.3.2"
    }
  }
}