{
  "stats": {
    "suites": 3,
    "tests": 8,
    "passes": 6,
    "pending": 0,
    "failures": 2,
    "start": "2026-04-24T16:55:29.765Z",
    "end": "2026-04-24T16:55:33.952Z",
    "duration": 4187,
    "testsRegistered": 8,
    "passPercent": 75,
    "pendingPercent": 0,
    "other": 0,
    "hasOther": false,
    "skipped": 0,
    "hasSkipped": false
  },
  "results": [
    {
      "uuid": "6eafce52-84b9-478d-ae12-20314e4e111c",
      "title": "",
      "fullFile": "cypress\\e2e\\api.cy.js",
      "file": "cypress\\e2e\\api.cy.js",
      "beforeHooks": [],
      "afterHooks": [],
      "tests": [],
      "suites": [
        {
          "uuid": "221485c1-f619-41b9-8b05-e64074d02f91",
          "title": "API Global Testing",
          "fullFile": "",
          "file": "",
          "beforeHooks": [],
          "afterHooks": [],
          "tests": [],
          "suites": [
            {
              "uuid": "cfacaeb3-c180-46df-8710-9683d72f5127",
              "title": "Guest Access",
              "fullFile": "",
              "file": "",
              "beforeHooks": [],
              "afterHooks": [],
              "tests": [
                {
                  "title": "should return 403 when accessing the cart without authentication",
                  "fullTitle": "API Global Testing Guest Access should return 403 when accessing the cart without authentication",
                  "timedOut": null,
                  "duration": 674,
                  "state": "failed",
                  "speed": null,
                  "pass": false,
                  "fail": true,
                  "pending": false,
                  "context": null,
                  "code": "cy.request({\n  method: 'GET',\n  url: `${apiUrl}/orders`,\n  failOnStatusCode: false\n}).then(response => {\n  expect(response.status).to.eq(403);\n});",
                  "err": {
                    "message": "AssertionError: expected 401 to equal 403",
                    "estack": "AssertionError: expected 401 to equal 403\n    at Context.eval (webpack://eco-bliss-bath/./cypress/e2e/api.cy.js:14:43)\n    at getRet (http://localhost:4200/__cypress/runner/cypress_runner.js:122798:20)\n    at tryCatcher (http://localhost:4200/__cypress/runner/cypress_runner.js:1777:23)\n    at Promise.attempt.Promise.try (http://localhost:4200/__cypress/runner/cypress_runner.js:4285:29)\n    at Context.thenFn (http://localhost:4200/__cypress/runner/cypress_runner.js:122809:66)\n    at Context.then (http://localhost:4200/__cypress/runner/cypress_runner.js:123060:21)",
                    "diff": "- 401\n+ 403\n"
                  },
                  "uuid": "7de20fd2-29a8-4faf-a9b8-f2949f8ad579",
                  "parentUUID": "cfacaeb3-c180-46df-8710-9683d72f5127",
                  "isHook": false,
                  "skipped": false
                },
                {
                  "title": "should return 401 for login attempt with unknown user",
                  "fullTitle": "API Global Testing Guest Access should return 401 for login attempt with unknown user",
                  "timedOut": null,
                  "duration": 240,
                  "state": "passed",
                  "speed": "fast",
                  "pass": true,
                  "fail": false,
                  "pending": false,
                  "context": null,
                  "code": "cy.request({\n  method: 'POST',\n  url: `${apiUrl}/login`,\n  failOnStatusCode: false,\n  body: {\n    username: \"unknown@user.fr\",\n    password: \"wrongpassword\"\n  }\n}).then(response => {\n  expect(response.status).to.eq(401);\n});",
                  "err": {},
                  "uuid": "7e955a9d-f702-4c7c-af45-5ad75b8db360",
                  "parentUUID": "cfacaeb3-c180-46df-8710-9683d72f5127",
                  "isHook": false,
                  "skipped": false
                },
                {
                  "title": "should return full product specifications for a valid ID",
                  "fullTitle": "API Global Testing Guest Access should return full product specifications for a valid ID",
                  "timedOut": null,
                  "duration": 190,
                  "state": "passed",
                  "speed": "fast",
                  "pass": true,
                  "fail": false,
                  "pending": false,
                  "context": null,
                  "code": "const productID = 9;\ncy.request({\n  method: 'GET',\n  url: `${apiUrl}/products/${productID}`,\n  failOnStatusCode: false\n}).then(response => {\n  expect(response.status).to.eq(200);\n  expect(response.body).to.include.all.keys(\"id\", \"name\", \"availableStock\", \"skin\", \"aromas\", \"ingredients\", \"description\", \"price\", \"picture\", \"varieties\");\n  expect(response.body.id).to.eq(productID);\n});",
                  "err": {},
                  "uuid": "11741161-f3c9-4df1-b976-5d0165077a47",
                  "parentUUID": "cfacaeb3-c180-46df-8710-9683d72f5127",
                  "isHook": false,
                  "skipped": false
                }
              ],
              "suites": [],
              "passes": [
                "7e955a9d-f702-4c7c-af45-5ad75b8db360",
                "11741161-f3c9-4df1-b976-5d0165077a47"
              ],
              "failures": [
                "7de20fd2-29a8-4faf-a9b8-f2949f8ad579"
              ],
              "pending": [],
              "skipped": [],
              "duration": 1104,
              "root": false,
              "rootEmpty": false,
              "_timeout": 2000
            },
            {
              "uuid": "c4f6e01f-59e5-4200-aff5-96fb84d4d253",
              "title": "Authenticated User Access",
              "fullFile": "",
              "file": "",
              "beforeHooks": [],
              "afterHooks": [],
              "tests": [
                {
                  "title": "should confirm valid login returns code 200 and a token",
                  "fullTitle": "API Global Testing Authenticated User Access should confirm valid login returns code 200 and a token",
                  "timedOut": null,
                  "duration": 1263,
                  "state": "passed",
                  "speed": "fast",
                  "pass": true,
                  "fail": false,
                  "pending": false,
                  "context": null,
                  "code": "cy.loginAPI().then(response => {\n  expect(response.status).to.eq(200);\n  expect(response.body).to.have.property('token');\n});",
                  "err": {},
                  "uuid": "284aa6b2-57d2-48f1-808c-0c0ac1af9f53",
                  "parentUUID": "c4f6e01f-59e5-4200-aff5-96fb84d4d253",
                  "isHook": false,
                  "skipped": false
                },
                {
                  "title": "should add an available product to the cart",
                  "fullTitle": "API Global Testing Authenticated User Access should add an available product to the cart",
                  "timedOut": null,
                  "duration": 651,
                  "state": "passed",
                  "speed": "fast",
                  "pass": true,
                  "fail": false,
                  "pending": false,
                  "context": null,
                  "code": "cy.request({\n  method: 'PUT',\n  //Utilisation de PUT pour correspondre au fonctionnement actuel de l'API (anomalie relevée par Marie)\n  url: `${apiUrl}/orders/add`,\n  headers: {\n    Authorization: `Bearer ${token}`\n  },\n  body: {\n    product: 5,\n    quantity: 1\n  }\n}).then(response => {\n  expect(response.status).to.eq(200);\n  expect(response.body).to.have.property(\"orderLines\");\n  const productInCart = response.body.orderLines.find(line => line.product.id === 5);\n  expect(productInCart).to.exist;\n  expect(productInCart.quantity).to.be.at.least(1);\n});",
                  "err": {},
                  "uuid": "e591c5ab-a3ad-402d-be02-ffc406390edf",
                  "parentUUID": "c4f6e01f-59e5-4200-aff5-96fb84d4d253",
                  "isHook": false,
                  "skipped": false
                },
                {
                  "title": "should not add an unavailable product to the cart",
                  "fullTitle": "API Global Testing Authenticated User Access should not add an unavailable product to the cart",
                  "timedOut": null,
                  "duration": 577,
                  "state": "failed",
                  "speed": null,
                  "pass": false,
                  "fail": true,
                  "pending": false,
                  "context": null,
                  "code": "cy.request({\n  method: 'PUT',\n  //Utilisation de PUT pour correspondre au fonctionnement actuel de l'API (anomalie relevée par Marie)\n  url: `${apiUrl}/orders/add`,\n  headers: {\n    Authorization: `Bearer ${token}`\n  },\n  failOnStatusCode: false,\n  body: {\n    product: 4,\n    quantity: 1\n  }\n}).then(response => {\n  expect(response.status).not.to.eq(200);\n});",
                  "err": {
                    "message": "AssertionError: expected 200 to not equal 200",
                    "estack": "AssertionError: expected 200 to not equal 200\n    at Context.eval (webpack://eco-bliss-bath/./cypress/e2e/api.cy.js:99:47)\n    at getRet (http://localhost:4200/__cypress/runner/cypress_runner.js:122798:20)\n    at tryCatcher (http://localhost:4200/__cypress/runner/cypress_runner.js:1777:23)\n    at Promise.attempt.Promise.try (http://localhost:4200/__cypress/runner/cypress_runner.js:4285:29)\n    at Context.thenFn (http://localhost:4200/__cypress/runner/cypress_runner.js:122809:66)\n    at Context.then (http://localhost:4200/__cypress/runner/cypress_runner.js:123060:21)",
                    "diff": ""
                  },
                  "uuid": "c35f7b26-f290-4c11-bbb5-e67b2715b549",
                  "parentUUID": "c4f6e01f-59e5-4200-aff5-96fb84d4d253",
                  "isHook": false,
                  "skipped": false
                },
                {
                  "title": "should retrieve the authenticated user's cart content",
                  "fullTitle": "API Global Testing Authenticated User Access should retrieve the authenticated user's cart content",
                  "timedOut": null,
                  "duration": 166,
                  "state": "passed",
                  "speed": "fast",
                  "pass": true,
                  "fail": false,
                  "pending": false,
                  "context": null,
                  "code": "cy.request({\n  method: 'GET',\n  url: `${apiUrl}/orders`,\n  headers: {\n    Authorization: `Bearer ${token}`\n  }\n}).then(response => {\n  expect(response.status).to.eq(200);\n  expect(response.body).to.have.property(\"orderLines\");\n});",
                  "err": {},
                  "uuid": "bf87bb9c-6b76-42c1-bc86-85373a53b19e",
                  "parentUUID": "c4f6e01f-59e5-4200-aff5-96fb84d4d253",
                  "isHook": false,
                  "skipped": false
                },
                {
                  "title": "should post a new review for a product",
                  "fullTitle": "API Global Testing Authenticated User Access should post a new review for a product",
                  "timedOut": null,
                  "duration": 249,
                  "state": "passed",
                  "speed": "fast",
                  "pass": true,
                  "fail": false,
                  "pending": false,
                  "context": null,
                  "code": "const reviewData = {\n  title: _faker.fakerFR.word.words(3),\n  comment: _faker.fakerFR.commerce.productDescription(),\n  rating: _faker.fakerFR.number.int({\n    min: 1,\n    max: 5\n  })\n};\ncy.request({\n  method: 'POST',\n  url: `${apiUrl}/reviews`,\n  headers: {\n    Authorization: `Bearer ${token}`\n  },\n  body: reviewData\n}).then(response => {\n  expect(response.status).to.eq(200);\n  expect(response.body.title).to.eq(reviewData.title);\n  expect(response.body.comment).to.eq(reviewData.comment);\n  expect(response.body.rating).to.eq(reviewData.rating);\n});",
                  "err": {},
                  "uuid": "01f0aafa-9025-45e4-8d46-99d07c5e91e2",
                  "parentUUID": "c4f6e01f-59e5-4200-aff5-96fb84d4d253",
                  "isHook": false,
                  "skipped": false
                }
              ],
              "suites": [],
              "passes": [
                "284aa6b2-57d2-48f1-808c-0c0ac1af9f53",
                "e591c5ab-a3ad-402d-be02-ffc406390edf",
                "bf87bb9c-6b76-42c1-bc86-85373a53b19e",
                "01f0aafa-9025-45e4-8d46-99d07c5e91e2"
              ],
              "failures": [
                "c35f7b26-f290-4c11-bbb5-e67b2715b549"
              ],
              "pending": [],
              "skipped": [],
              "duration": 2906,
              "root": false,
              "rootEmpty": false,
              "_timeout": 2000
            }
          ],
          "passes": [],
          "failures": [],
          "pending": [],
          "skipped": [],
          "duration": 0,
          "root": false,
          "rootEmpty": false,
          "_timeout": 2000
        }
      ],
      "passes": [],
      "failures": [],
      "pending": [],
      "skipped": [],
      "duration": 0,
      "root": true,
      "rootEmpty": true,
      "_timeout": 2000
    }
  ],
  "meta": {
    "mocha": {
      "version": "7.2.0"
    },
    "mochawesome": {
      "options": {
        "quiet": false,
        "reportFilename": "mochawesome",
        "saveHtml": true,
        "saveJson": true,
        "consoleReporter": "spec",
        "useInlineDiffs": false,
        "code": true
      },
      "version": "7.1.4"
    },
    "marge": {
      "options": {
        "reportDir": "cypress/reports",
        "overwrite": false,
        "html": true,
        "json": true
      },
      "version": "6.3.2"
    }
  }
}