{
  "stats": {
    "suites": 1,
    "tests": 2,
    "passes": 2,
    "pending": 0,
    "failures": 0,
    "start": "2026-04-17T09:54:59.778Z",
    "end": "2026-04-17T09:55:02.603Z",
    "duration": 2825,
    "testsRegistered": 2,
    "passPercent": 100,
    "pendingPercent": 0,
    "other": 0,
    "hasOther": false,
    "skipped": 0,
    "hasSkipped": false
  },
  "results": [
    {
      "uuid": "c76f2231-a452-4fe7-a923-a8a6f0e75dd8",
      "title": "",
      "fullFile": "cypress\\e2e\\smoke_tests.cy.js",
      "file": "cypress\\e2e\\smoke_tests.cy.js",
      "beforeHooks": [],
      "afterHooks": [],
      "tests": [],
      "suites": [
        {
          "uuid": "c72dd7be-0383-4da7-99a9-de8363c683e6",
          "title": "smoke tests",
          "fullFile": "",
          "file": "",
          "beforeHooks": [],
          "afterHooks": [],
          "tests": [
            {
              "title": "should display form and button for login",
              "fullTitle": "smoke tests should display form and button for login",
              "timedOut": null,
              "duration": 1093,
              "state": "passed",
              "speed": "fast",
              "pass": true,
              "fail": false,
              "pending": false,
              "context": null,
              "code": "cy.visit('/#/');\ncy.getbydataCy('nav-link-login').should(\"be.visible\");\ncy.getbydataCy('nav-link-login').click();\ncy.getbydataCy('login-input-username').should('be.visible');\ncy.getbydataCy('login-input-password').should('be.visible');\ncy.getbydataCy('login-submit').should('be.visible');",
              "err": {},
              "uuid": "ab05946c-3f95-4fce-9e7f-ed40ad887fe1",
              "parentUUID": "c72dd7be-0383-4da7-99a9-de8363c683e6",
              "isHook": false,
              "skipped": false
            },
            {
              "title": "should display add to cart button when logged in",
              "fullTitle": "smoke tests should display add to cart button when logged in",
              "timedOut": null,
              "duration": 1590,
              "state": "passed",
              "speed": "fast",
              "pass": true,
              "fail": false,
              "pending": false,
              "context": null,
              "code": "cy.loginFront();\ncy.getbydataCy('product-home-link').first().click();\ncy.getbydataCy('detail-product-add').should('be.visible');",
              "err": {},
              "uuid": "d5f5ca0a-4dda-484d-9601-1c6d35fc5595",
              "parentUUID": "c72dd7be-0383-4da7-99a9-de8363c683e6",
              "isHook": false,
              "skipped": false
            }
          ],
          "suites": [],
          "passes": [
            "ab05946c-3f95-4fce-9e7f-ed40ad887fe1",
            "d5f5ca0a-4dda-484d-9601-1c6d35fc5595"
          ],
          "failures": [],
          "pending": [],
          "skipped": [],
          "duration": 2683,
          "root": false,
          "rootEmpty": false,
          "_timeout": 2000
        }
      ],
      "passes": [],
      "failures": [],
      "pending": [],
      "skipped": [],
      "duration": 0,
      "root": true,
      "rootEmpty": true,
      "_timeout": 2000
    }
  ],
  "meta": {
    "mocha": {
      "version": "7.2.0"
    },
    "mochawesome": {
      "options": {
        "quiet": false,
        "reportFilename": "mochawesome",
        "saveHtml": true,
        "saveJson": true,
        "consoleReporter": "spec",
        "useInlineDiffs": false,
        "code": true
      },
      "version": "7.1.4"
    },
    "marge": {
      "options": {
        "reportDir": "cypress/reports",
        "overwrite": false,
        "html": true,
        "json": true
      },
      "version": "6.3.2"
    }
  }
}