{
  "stats": {
    "suites": 2,
    "tests": 6,
    "passes": 4,
    "pending": 0,
    "failures": 2,
    "start": "2026-04-17T10:04:25.542Z",
    "end": "2026-04-17T10:04:48.114Z",
    "duration": 22572,
    "testsRegistered": 6,
    "passPercent": 66.66666666666666,
    "pendingPercent": 0,
    "other": 0,
    "hasOther": false,
    "skipped": 0,
    "hasSkipped": false
  },
  "results": [
    {
      "uuid": "e492983f-2854-402a-872d-0324abb9d4b8",
      "title": "",
      "fullFile": "cypress\\e2e\\functional_cart.cy.js",
      "file": "cypress\\e2e\\functional_cart.cy.js",
      "beforeHooks": [],
      "afterHooks": [],
      "tests": [],
      "suites": [
        {
          "uuid": "473a6a37-01d0-4c29-bc5d-8d33ff38ec77",
          "title": "Functional Cart Testing",
          "fullFile": "",
          "file": "",
          "beforeHooks": [],
          "afterHooks": [],
          "tests": [
            {
              "title": "should not add an unavailable product to the cart",
              "fullTitle": "Functional Cart Testing should not add an unavailable product to the cart",
              "timedOut": null,
              "duration": 7968,
              "state": "failed",
              "speed": null,
              "pass": false,
              "fail": true,
              "pending": false,
              "context": null,
              "code": "cy.intercept('GET', '**/products/3').as('getProduct');\ncy.visit('/#/products/3');\ncy.wait('@getProduct').its('response.body').then(product => {\n  expect(product.availableStock).to.be.lessThan(1);\n});\ncy.getbydataCy('detail-product-add').click();\ncy.url().should('include', '/products/3');\ncy.intercept('GET', '**/orders').as('getCart');\ncy.visit('/#/cart');\ncy.wait('@getCart');\ncy.getbydataCy('cart-line').should('have.length', 0);",
              "err": {
                "message": "AssertionError: Timed out retrying after 4000ms: Too many elements found. Found '1', expected '0'.",
                "estack": "AssertionError: Timed out retrying after 4000ms: Too many elements found. Found '1', expected '0'.\n    at Context.eval (webpack://eco-bliss-bath/./cypress/e2e/functional_cart.cy.js:28:36)",
                "diff": null
              },
              "uuid": "edcdaf6f-6725-4daf-b49d-7aaefc8f8969",
              "parentUUID": "473a6a37-01d0-4c29-bc5d-8d33ff38ec77",
              "isHook": false,
              "skipped": false
            }
          ],
          "suites": [
            {
              "uuid": "79655336-57c7-4633-810f-0639cb08c5f9",
              "title": "With an available product",
              "fullFile": "",
              "file": "",
              "beforeHooks": [],
              "afterHooks": [],
              "tests": [
                {
                  "title": "should add a product to the cart and visually update the stock (UI)",
                  "fullTitle": "Functional Cart Testing With an available product should add a product to the cart and visually update the stock (UI)",
                  "timedOut": null,
                  "duration": 2528,
                  "state": "passed",
                  "speed": "fast",
                  "pass": true,
                  "fail": false,
                  "pending": false,
                  "context": null,
                  "code": "let stockBefore;\ncy.visit('/#/products/5');\ncy.getbydataCy('detail-product-add').should('exist').and('be.visible');\ncy.getbydataCy('detail-product-stock').should('exist').and('be.visible').should($el => {\n  expect($el.text()).to.match(/\\d/);\n}).invoke('text').then(text => {\n  stockBefore = parseInt(text);\n  expect(stockBefore).to.be.greaterThan(0);\n});\ncy.getbydataCy('detail-product-add').click();\ncy.url().should('include', '/cart');\ncy.getbydataCy('cart-line').should('exist').and('be.visible');\ncy.getbydataCy('cart-line').should('have.length', 1);\ncy.visit('/#/products/5');\ncy.getbydataCy('detail-product-stock').should('exist').and('be.visible').should($el => {\n  expect($el.text()).to.match(/\\d/);\n}).invoke('text').then(text => {\n  const stockAfter = parseInt(text);\n  expect(stockAfter).to.eq(stockBefore - 1);\n});",
                  "err": {},
                  "uuid": "0c3800c1-5eaf-4479-8bbf-a1f1d22e41a0",
                  "parentUUID": "79655336-57c7-4633-810f-0639cb08c5f9",
                  "isHook": false,
                  "skipped": false
                },
                {
                  "title": "should add a product to the cart and verify cart content and stock with API",
                  "fullTitle": "Functional Cart Testing With an available product should add a product to the cart and verify cart content and stock with API",
                  "timedOut": null,
                  "duration": 2368,
                  "state": "passed",
                  "speed": "fast",
                  "pass": true,
                  "fail": false,
                  "pending": false,
                  "context": null,
                  "code": "let stockBefore;\ncy.intercept('GET', '**/products/5').as('getProductBefore');\ncy.visit('/#/products/5');\ncy.getbydataCy('detail-product-add').should('exist').and('be.visible');\ncy.wait('@getProductBefore').its('response.body.availableStock').then(availableStock => {\n  stockBefore = availableStock;\n  expect(stockBefore).to.be.greaterThan(0);\n});\ncy.intercept('GET', '**/orders').as('getCart');\ncy.getbydataCy('detail-product-add').click();\ncy.url().should('include', '/cart');\ncy.wait('@getCart').its('response.body.orderLines').then(orderLines => {\n  const addedProduct = orderLines.find(line => line.product.id === 5 && line.quantity === 1);\n  expect(addedProduct).to.exist;\n});\ncy.intercept('GET', '**/products/5').as('getProductAfter');\ncy.visit('/#/products/5');\ncy.wait('@getProductAfter').its('response.body.availableStock').then(stockAfter => {\n  expect(stockAfter).to.eq(stockBefore - 1);\n});",
                  "err": {},
                  "uuid": "f7641945-d754-4373-b189-4ecc2285811e",
                  "parentUUID": "79655336-57c7-4633-810f-0639cb08c5f9",
                  "isHook": false,
                  "skipped": false
                },
                {
                  "title": "should display the product availability field",
                  "fullTitle": "Functional Cart Testing With an available product should display the product availability field",
                  "timedOut": null,
                  "duration": 1568,
                  "state": "passed",
                  "speed": "fast",
                  "pass": true,
                  "fail": false,
                  "pending": false,
                  "context": null,
                  "code": "cy.visit('/#/products/4');\ncy.getbydataCy('detail-product-stock').should('exist').and('be.visible');",
                  "err": {},
                  "uuid": "b62e3109-753a-4c2a-810f-756f5c14fa4d",
                  "parentUUID": "79655336-57c7-4633-810f-0639cb08c5f9",
                  "isHook": false,
                  "skipped": false
                },
                {
                  "title": "should not allow adding a product with a negative quantity to the cart",
                  "fullTitle": "Functional Cart Testing With an available product should not allow adding a product with a negative quantity to the cart",
                  "timedOut": null,
                  "duration": 1825,
                  "state": "passed",
                  "speed": "fast",
                  "pass": true,
                  "fail": false,
                  "pending": false,
                  "context": null,
                  "code": "cy.visit('/#/products/6');\ncy.getbydataCy('detail-product-quantity').clear().type('-1');\ncy.getbydataCy('detail-product-form').should('have.class', 'ng-invalid');\ncy.getbydataCy('detail-product-add').click();\ncy.url().should('include', '/products/6');",
                  "err": {},
                  "uuid": "20ce14f7-0556-4467-b819-ed0893813b59",
                  "parentUUID": "79655336-57c7-4633-810f-0639cb08c5f9",
                  "isHook": false,
                  "skipped": false
                },
                {
                  "title": "should not allow adding a product with a quantity greater than 20",
                  "fullTitle": "Functional Cart Testing With an available product should not allow adding a product with a quantity greater than 20",
                  "timedOut": null,
                  "duration": 5906,
                  "state": "failed",
                  "speed": null,
                  "pass": false,
                  "fail": true,
                  "pending": false,
                  "context": null,
                  "code": "cy.visit('/#/products/7');\ncy.getbydataCy('detail-product-quantity').clear().type('21');\ncy.getbydataCy('detail-product-form').should('have.class', 'ng-invalid');\ncy.getbydataCy('detail-product-add').click();\ncy.url().should('include', '/products/7');",
                  "err": {
                    "message": "AssertionError: Timed out retrying after 4000ms: expected '<div#product-cart.ng-untouched.ng-dirty.ng-valid>' to have class 'ng-invalid'",
                    "estack": "AssertionError: Timed out retrying after 4000ms: expected '<div#product-cart.ng-untouched.ng-dirty.ng-valid>' to have class 'ng-invalid'\n    at Context.eval (webpack://eco-bliss-bath/./cypress/e2e/functional_cart.cy.js:117:50)",
                    "diff": null
                  },
                  "uuid": "37172902-bf49-4516-b986-702f4855d127",
                  "parentUUID": "79655336-57c7-4633-810f-0639cb08c5f9",
                  "isHook": false,
                  "skipped": false
                }
              ],
              "suites": [],
              "passes": [
                "0c3800c1-5eaf-4479-8bbf-a1f1d22e41a0",
                "f7641945-d754-4373-b189-4ecc2285811e",
                "b62e3109-753a-4c2a-810f-756f5c14fa4d",
                "20ce14f7-0556-4467-b819-ed0893813b59"
              ],
              "failures": [
                "37172902-bf49-4516-b986-702f4855d127"
              ],
              "pending": [],
              "skipped": [],
              "duration": 14195,
              "root": false,
              "rootEmpty": false,
              "_timeout": 2000
            }
          ],
          "passes": [],
          "failures": [
            "edcdaf6f-6725-4daf-b49d-7aaefc8f8969"
          ],
          "pending": [],
          "skipped": [],
          "duration": 7968,
          "root": false,
          "rootEmpty": false,
          "_timeout": 2000
        }
      ],
      "passes": [],
      "failures": [],
      "pending": [],
      "skipped": [],
      "duration": 0,
      "root": true,
      "rootEmpty": true,
      "_timeout": 2000
    }
  ],
  "meta": {
    "mocha": {
      "version": "7.2.0"
    },
    "mochawesome": {
      "options": {
        "quiet": false,
        "reportFilename": "mochawesome",
        "saveHtml": true,
        "saveJson": true,
        "consoleReporter": "spec",
        "useInlineDiffs": false,
        "code": true
      },
      "version": "7.1.4"
    },
    "marge": {
      "options": {
        "reportDir": "cypress/reports",
        "overwrite": false,
        "html": true,
        "json": true
      },
      "version": "6.3.2"
    }
  }
}