{
  "stats": {
    "suites": 1,
    "tests": 2,
    "passes": 2,
    "pending": 0,
    "failures": 0,
    "start": "2026-04-17T10:04:59.226Z",
    "end": "2026-04-17T10:05:01.383Z",
    "duration": 2157,
    "testsRegistered": 2,
    "passPercent": 100,
    "pendingPercent": 0,
    "other": 0,
    "hasOther": false,
    "skipped": 0,
    "hasSkipped": false
  },
  "results": [
    {
      "uuid": "8141d297-9567-470f-8ce2-03332382a2eb",
      "title": "",
      "fullFile": "cypress\\e2e\\smoke_tests.cy.js",
      "file": "cypress\\e2e\\smoke_tests.cy.js",
      "beforeHooks": [],
      "afterHooks": [],
      "tests": [],
      "suites": [
        {
          "uuid": "a0239f3f-3b0a-49b4-8003-819fb4224ac4",
          "title": "smoke tests",
          "fullFile": "",
          "file": "",
          "beforeHooks": [],
          "afterHooks": [],
          "tests": [
            {
              "title": "should display form and button for login",
              "fullTitle": "smoke tests should display form and button for login",
              "timedOut": null,
              "duration": 557,
              "state": "passed",
              "speed": "fast",
              "pass": true,
              "fail": false,
              "pending": false,
              "context": null,
              "code": "cy.visit('/#/');\ncy.getbydataCy('nav-link-login').should(\"be.visible\");\ncy.getbydataCy('nav-link-login').click();\ncy.getbydataCy('login-input-username').should('be.visible');\ncy.getbydataCy('login-input-password').should('be.visible');\ncy.getbydataCy('login-submit').should('be.visible');",
              "err": {},
              "uuid": "f3ebfa14-f1ab-4879-8710-c0ec0b5f62fa",
              "parentUUID": "a0239f3f-3b0a-49b4-8003-819fb4224ac4",
              "isHook": false,
              "skipped": false
            },
            {
              "title": "should display add to cart button when logged in",
              "fullTitle": "smoke tests should display add to cart button when logged in",
              "timedOut": null,
              "duration": 1486,
              "state": "passed",
              "speed": "fast",
              "pass": true,
              "fail": false,
              "pending": false,
              "context": null,
              "code": "cy.loginFront();\ncy.getbydataCy('product-home-link').first().click();\ncy.getbydataCy('detail-product-add').should('be.visible');",
              "err": {},
              "uuid": "da94926a-05c7-4a8f-ba52-f8e56882a369",
              "parentUUID": "a0239f3f-3b0a-49b4-8003-819fb4224ac4",
              "isHook": false,
              "skipped": false
            }
          ],
          "suites": [],
          "passes": [
            "f3ebfa14-f1ab-4879-8710-c0ec0b5f62fa",
            "da94926a-05c7-4a8f-ba52-f8e56882a369"
          ],
          "failures": [],
          "pending": [],
          "skipped": [],
          "duration": 2043,
          "root": false,
          "rootEmpty": false,
          "_timeout": 2000
        }
      ],
      "passes": [],
      "failures": [],
      "pending": [],
      "skipped": [],
      "duration": 0,
      "root": true,
      "rootEmpty": true,
      "_timeout": 2000
    }
  ],
  "meta": {
    "mocha": {
      "version": "7.2.0"
    },
    "mochawesome": {
      "options": {
        "quiet": false,
        "reportFilename": "mochawesome",
        "saveHtml": true,
        "saveJson": true,
        "consoleReporter": "spec",
        "useInlineDiffs": false,
        "code": true
      },
      "version": "7.1.4"
    },
    "marge": {
      "options": {
        "reportDir": "cypress/reports",
        "overwrite": false,
        "html": true,
        "json": true
      },
      "version": "6.3.2"
    }
  }
}