{
  "stats": {
    "suites": 1,
    "tests": 1,
    "passes": 1,
    "pending": 0,
    "failures": 0,
    "start": "2026-04-24T16:56:08.254Z",
    "end": "2026-04-24T16:56:11.195Z",
    "duration": 2941,
    "testsRegistered": 1,
    "passPercent": 100,
    "pendingPercent": 0,
    "other": 0,
    "hasOther": false,
    "skipped": 0,
    "hasSkipped": false
  },
  "results": [
    {
      "uuid": "09b27ea7-6bb9-43fa-94e3-755e453a00f9",
      "title": "",
      "fullFile": "cypress\\e2e\\functional_login.cy.js",
      "file": "cypress\\e2e\\functional_login.cy.js",
      "beforeHooks": [],
      "afterHooks": [],
      "tests": [],
      "suites": [
        {
          "uuid": "065c3f5e-5fd6-48e5-8d1f-b53a9f8ae9e4",
          "title": "Functional Login Testing",
          "fullFile": "",
          "file": "",
          "beforeHooks": [],
          "afterHooks": [],
          "tests": [
            {
              "title": "should log in successfully and display the cart button",
              "fullTitle": "Functional Login Testing should log in successfully and display the cart button",
              "timedOut": null,
              "duration": 2883,
              "state": "passed",
              "speed": "fast",
              "pass": true,
              "fail": false,
              "pending": false,
              "context": null,
              "code": "cy.loginFront();\ncy.getbydataCy('nav-link-cart').should('be.visible');\ncy.getbydataCy('nav-link-logout').should('be.visible');",
              "err": {},
              "uuid": "65a25ec0-4713-4459-ae49-b0440b1a7fd5",
              "parentUUID": "065c3f5e-5fd6-48e5-8d1f-b53a9f8ae9e4",
              "isHook": false,
              "skipped": false
            }
          ],
          "suites": [],
          "passes": [
            "65a25ec0-4713-4459-ae49-b0440b1a7fd5"
          ],
          "failures": [],
          "pending": [],
          "skipped": [],
          "duration": 2883,
          "root": false,
          "rootEmpty": false,
          "_timeout": 2000
        }
      ],
      "passes": [],
      "failures": [],
      "pending": [],
      "skipped": [],
      "duration": 0,
      "root": true,
      "rootEmpty": true,
      "_timeout": 2000
    }
  ],
  "meta": {
    "mocha": {
      "version": "7.2.0"
    },
    "mochawesome": {
      "options": {
        "quiet": false,
        "reportFilename": "mochawesome",
        "saveHtml": true,
        "saveJson": true,
        "consoleReporter": "spec",
        "useInlineDiffs": false,
        "code": true
      },
      "version": "7.1.4"
    },
    "marge": {
      "options": {
        "reportDir": "cypress/reports",
        "overwrite": false,
        "html": true,
        "json": true
      },
      "version": "6.3.2"
    }
  }
}