{
  "stats": {
    "suites": 3,
    "tests": 8,
    "passes": 6,
    "pending": 0,
    "failures": 2,
    "start": "2026-04-17T10:04:18.591Z",
    "end": "2026-04-17T10:04:21.682Z",
    "duration": 3091,
    "testsRegistered": 8,
    "passPercent": 75,
    "pendingPercent": 0,
    "other": 0,
    "hasOther": false,
    "skipped": 0,
    "hasSkipped": false
  },
  "results": [
    {
      "uuid": "6156b5e9-f07b-4fa4-908b-7056e010c90b",
      "title": "",
      "fullFile": "cypress\\e2e\\api.cy.js",
      "file": "cypress\\e2e\\api.cy.js",
      "beforeHooks": [],
      "afterHooks": [],
      "tests": [],
      "suites": [
        {
          "uuid": "2191afef-668f-461f-8d9f-ea1399ef82d3",
          "title": "API Global Testing",
          "fullFile": "",
          "file": "",
          "beforeHooks": [],
          "afterHooks": [],
          "tests": [],
          "suites": [
            {
              "uuid": "bfe0c750-f524-461d-b8af-72af18e21224",
              "title": "Guest Access",
              "fullFile": "",
              "file": "",
              "beforeHooks": [],
              "afterHooks": [],
              "tests": [
                {
                  "title": "should return 403 when accessing the cart without authentication",
                  "fullTitle": "API Global Testing Guest Access should return 403 when accessing the cart without authentication",
                  "timedOut": null,
                  "duration": 368,
                  "state": "failed",
                  "speed": null,
                  "pass": false,
                  "fail": true,
                  "pending": false,
                  "context": null,
                  "code": "cy.request({\n  method: 'GET',\n  url: `${apiUrl}/orders`,\n  failOnStatusCode: false\n}).then(response => {\n  expect(response.status).to.eq(403);\n});",
                  "err": {
                    "message": "AssertionError: expected 401 to equal 403",
                    "estack": "AssertionError: expected 401 to equal 403\n    at Context.eval (webpack://eco-bliss-bath/./cypress/e2e/api.cy.js:14:43)\n    at getRet (http://localhost:4200/__cypress/runner/cypress_runner.js:122798:20)\n    at tryCatcher (http://localhost:4200/__cypress/runner/cypress_runner.js:1777:23)\n    at Promise.attempt.Promise.try (http://localhost:4200/__cypress/runner/cypress_runner.js:4285:29)\n    at Context.thenFn (http://localhost:4200/__cypress/runner/cypress_runner.js:122809:66)\n    at Context.then (http://localhost:4200/__cypress/runner/cypress_runner.js:123060:21)",
                    "diff": "- 401\n+ 403\n"
                  },
                  "uuid": "21053d7d-2de0-4779-b16a-fb7da5c30ef5",
                  "parentUUID": "bfe0c750-f524-461d-b8af-72af18e21224",
                  "isHook": false,
                  "skipped": false
                },
                {
                  "title": "should return 401 for login attempt with unknown user",
                  "fullTitle": "API Global Testing Guest Access should return 401 for login attempt with unknown user",
                  "timedOut": null,
                  "duration": 134,
                  "state": "passed",
                  "speed": "fast",
                  "pass": true,
                  "fail": false,
                  "pending": false,
                  "context": null,
                  "code": "cy.request({\n  method: 'POST',\n  url: `${apiUrl}/login`,\n  failOnStatusCode: false,\n  body: {\n    username: \"unknown@user.fr\",\n    password: \"wrongpassword\"\n  }\n}).then(response => {\n  expect(response.status).to.eq(401);\n});",
                  "err": {},
                  "uuid": "f20154cc-fe44-4d4d-a518-e1a6e95c0639",
                  "parentUUID": "bfe0c750-f524-461d-b8af-72af18e21224",
                  "isHook": false,
                  "skipped": false
                },
                {
                  "title": "should return full product specifications for a valid ID",
                  "fullTitle": "API Global Testing Guest Access should return full product specifications for a valid ID",
                  "timedOut": null,
                  "duration": 129,
                  "state": "passed",
                  "speed": "fast",
                  "pass": true,
                  "fail": false,
                  "pending": false,
                  "context": null,
                  "code": "const productID = 9;\ncy.request({\n  method: 'GET',\n  url: `${apiUrl}/products/${productID}`,\n  failOnStatusCode: false\n}).then(response => {\n  expect(response.status).to.eq(200);\n  expect(response.body).to.include.all.keys(\"id\", \"name\", \"availableStock\", \"skin\", \"aromas\", \"ingredients\", \"description\", \"price\", \"picture\", \"varieties\");\n  expect(response.body.id).to.eq(productID);\n});",
                  "err": {},
                  "uuid": "cc6bc643-e3e3-4dd7-a514-40cdbd08e832",
                  "parentUUID": "bfe0c750-f524-461d-b8af-72af18e21224",
                  "isHook": false,
                  "skipped": false
                }
              ],
              "suites": [],
              "passes": [
                "f20154cc-fe44-4d4d-a518-e1a6e95c0639",
                "cc6bc643-e3e3-4dd7-a514-40cdbd08e832"
              ],
              "failures": [
                "21053d7d-2de0-4779-b16a-fb7da5c30ef5"
              ],
              "pending": [],
              "skipped": [],
              "duration": 631,
              "root": false,
              "rootEmpty": false,
              "_timeout": 2000
            },
            {
              "uuid": "7fa83850-5f61-41d8-980d-da3b229eccaa",
              "title": "Authenticated User Access",
              "fullFile": "",
              "file": "",
              "beforeHooks": [],
              "afterHooks": [],
              "tests": [
                {
                  "title": "should confirm valid login returns code 200 and a token",
                  "fullTitle": "API Global Testing Authenticated User Access should confirm valid login returns code 200 and a token",
                  "timedOut": null,
                  "duration": 883,
                  "state": "passed",
                  "speed": "fast",
                  "pass": true,
                  "fail": false,
                  "pending": false,
                  "context": null,
                  "code": "cy.loginAPI().then(response => {\n  expect(response.status).to.eq(200);\n  expect(response.body).to.have.property('token');\n});",
                  "err": {},
                  "uuid": "4d0e28cc-6a3d-4eff-b074-6ad7af6e675f",
                  "parentUUID": "7fa83850-5f61-41d8-980d-da3b229eccaa",
                  "isHook": false,
                  "skipped": false
                },
                {
                  "title": "should add an available product to the cart",
                  "fullTitle": "API Global Testing Authenticated User Access should add an available product to the cart",
                  "timedOut": null,
                  "duration": 422,
                  "state": "passed",
                  "speed": "fast",
                  "pass": true,
                  "fail": false,
                  "pending": false,
                  "context": null,
                  "code": "cy.request({\n  method: 'PUT',\n  //Utilisation de PUT pour correspondre au fonctionnement actuel de l'API (anomalie relevée par Marie)\n  url: `${apiUrl}/orders/add`,\n  headers: {\n    Authorization: `Bearer ${token}`\n  },\n  body: {\n    product: 5,\n    quantity: 1\n  }\n}).then(response => {\n  expect(response.status).to.eq(200);\n  expect(response.body).to.have.property(\"orderLines\");\n  const productInCart = response.body.orderLines.find(line => line.product.id === 5);\n  expect(productInCart).to.exist;\n  expect(productInCart.quantity).to.be.at.least(1);\n});",
                  "err": {},
                  "uuid": "09537fc7-7f17-4f53-b1db-f508995a7f77",
                  "parentUUID": "7fa83850-5f61-41d8-980d-da3b229eccaa",
                  "isHook": false,
                  "skipped": false
                },
                {
                  "title": "should not add an unavailable product to the cart",
                  "fullTitle": "API Global Testing Authenticated User Access should not add an unavailable product to the cart",
                  "timedOut": null,
                  "duration": 527,
                  "state": "failed",
                  "speed": null,
                  "pass": false,
                  "fail": true,
                  "pending": false,
                  "context": null,
                  "code": "cy.request({\n  method: 'PUT',\n  //Utilisation de PUT pour correspondre au fonctionnement actuel de l'API (anomalie relevée par Marie)\n  url: `${apiUrl}/orders/add`,\n  headers: {\n    Authorization: `Bearer ${token}`\n  },\n  failOnStatusCode: false,\n  body: {\n    product: 4,\n    quantity: 1\n  }\n}).then(response => {\n  expect(response.status).not.to.eq(200);\n});",
                  "err": {
                    "message": "AssertionError: expected 200 to not equal 200",
                    "estack": "AssertionError: expected 200 to not equal 200\n    at Context.eval (webpack://eco-bliss-bath/./cypress/e2e/api.cy.js:99:47)\n    at getRet (http://localhost:4200/__cypress/runner/cypress_runner.js:122798:20)\n    at tryCatcher (http://localhost:4200/__cypress/runner/cypress_runner.js:1777:23)\n    at Promise.attempt.Promise.try (http://localhost:4200/__cypress/runner/cypress_runner.js:4285:29)\n    at Context.thenFn (http://localhost:4200/__cypress/runner/cypress_runner.js:122809:66)\n    at Context.then (http://localhost:4200/__cypress/runner/cypress_runner.js:123060:21)",
                    "diff": ""
                  },
                  "uuid": "3bac41b4-e92f-4de2-a720-902f221b1348",
                  "parentUUID": "7fa83850-5f61-41d8-980d-da3b229eccaa",
                  "isHook": false,
                  "skipped": false
                },
                {
                  "title": "should retrieve the authenticated user-s cart content",
                  "fullTitle": "API Global Testing Authenticated User Access should retrieve the authenticated user-s cart content",
                  "timedOut": null,
                  "duration": 131,
                  "state": "passed",
                  "speed": "fast",
                  "pass": true,
                  "fail": false,
                  "pending": false,
                  "context": null,
                  "code": "cy.request({\n  method: 'GET',\n  url: `${apiUrl}/orders`,\n  headers: {\n    Authorization: `Bearer ${token}`\n  }\n}).then(response => {\n  expect(response.status).to.eq(200);\n  expect(response.body).to.have.property(\"orderLines\");\n});",
                  "err": {},
                  "uuid": "eb9d72f0-40cc-4f88-89d3-283f2b441b18",
                  "parentUUID": "7fa83850-5f61-41d8-980d-da3b229eccaa",
                  "isHook": false,
                  "skipped": false
                },
                {
                  "title": "should post a new review for a product",
                  "fullTitle": "API Global Testing Authenticated User Access should post a new review for a product",
                  "timedOut": null,
                  "duration": 209,
                  "state": "passed",
                  "speed": "fast",
                  "pass": true,
                  "fail": false,
                  "pending": false,
                  "context": null,
                  "code": "const reviewData = {\n  title: _faker.fakerFR.word.words(3),\n  comment: _faker.fakerFR.commerce.productDescription(),\n  rating: _faker.fakerFR.number.int({\n    min: 1,\n    max: 5\n  })\n};\ncy.request({\n  method: 'POST',\n  url: `${apiUrl}/reviews`,\n  headers: {\n    Authorization: `Bearer ${token}`\n  },\n  body: reviewData\n}).then(response => {\n  expect(response.status).to.eq(200);\n  expect(response.body.title).to.eq(reviewData.title);\n  expect(response.body.comment).to.eq(reviewData.comment);\n  expect(response.body.rating).to.eq(reviewData.rating);\n});",
                  "err": {},
                  "uuid": "871e6b56-fc6f-4c38-9456-354023a9fd49",
                  "parentUUID": "7fa83850-5f61-41d8-980d-da3b229eccaa",
                  "isHook": false,
                  "skipped": false
                }
              ],
              "suites": [],
              "passes": [
                "4d0e28cc-6a3d-4eff-b074-6ad7af6e675f",
                "09537fc7-7f17-4f53-b1db-f508995a7f77",
                "eb9d72f0-40cc-4f88-89d3-283f2b441b18",
                "871e6b56-fc6f-4c38-9456-354023a9fd49"
              ],
              "failures": [
                "3bac41b4-e92f-4de2-a720-902f221b1348"
              ],
              "pending": [],
              "skipped": [],
              "duration": 2172,
              "root": false,
              "rootEmpty": false,
              "_timeout": 2000
            }
          ],
          "passes": [],
          "failures": [],
          "pending": [],
          "skipped": [],
          "duration": 0,
          "root": false,
          "rootEmpty": false,
          "_timeout": 2000
        }
      ],
      "passes": [],
      "failures": [],
      "pending": [],
      "skipped": [],
      "duration": 0,
      "root": true,
      "rootEmpty": true,
      "_timeout": 2000
    }
  ],
  "meta": {
    "mocha": {
      "version": "7.2.0"
    },
    "mochawesome": {
      "options": {
        "quiet": false,
        "reportFilename": "mochawesome",
        "saveHtml": true,
        "saveJson": true,
        "consoleReporter": "spec",
        "useInlineDiffs": false,
        "code": true
      },
      "version": "7.1.4"
    },
    "marge": {
      "options": {
        "reportDir": "cypress/reports",
        "overwrite": false,
        "html": true,
        "json": true
      },
      "version": "6.3.2"
    }
  }
}