{
  "stats": {
    "suites": 1,
    "tests": 2,
    "passes": 2,
    "pending": 0,
    "failures": 0,
    "start": "2026-04-17T06:18:59.986Z",
    "end": "2026-04-17T06:19:03.331Z",
    "duration": 3345,
    "testsRegistered": 2,
    "passPercent": 100,
    "pendingPercent": 0,
    "other": 0,
    "hasOther": false,
    "skipped": 0,
    "hasSkipped": false
  },
  "results": [
    {
      "uuid": "36221634-33c6-4f74-86c8-786964e96fc7",
      "title": "",
      "fullFile": "cypress\\e2e\\smoke_tests.cy.js",
      "file": "cypress\\e2e\\smoke_tests.cy.js",
      "beforeHooks": [],
      "afterHooks": [],
      "tests": [],
      "suites": [
        {
          "uuid": "7e5eb324-8700-4624-ba14-97470ead2530",
          "title": "smoke tests",
          "fullFile": "",
          "file": "",
          "beforeHooks": [],
          "afterHooks": [],
          "tests": [
            {
              "title": "should display form and button for login",
              "fullTitle": "smoke tests should display form and button for login",
              "timedOut": null,
              "duration": 1339,
              "state": "passed",
              "speed": "fast",
              "pass": true,
              "fail": false,
              "pending": false,
              "context": null,
              "code": "cy.visit('/#/');\ncy.getbydataCy('nav-link-login').should(\"be.visible\");\ncy.getbydataCy('nav-link-login').click();\ncy.getbydataCy('login-input-username').should('be.visible');\ncy.getbydataCy('login-input-password').should('be.visible');\ncy.getbydataCy('login-submit').should('be.visible');",
              "err": {},
              "uuid": "0e0fd987-4682-4d86-8b28-719e7ce02d93",
              "parentUUID": "7e5eb324-8700-4624-ba14-97470ead2530",
              "isHook": false,
              "skipped": false
            },
            {
              "title": "should display add to cart button when logged in",
              "fullTitle": "smoke tests should display add to cart button when logged in",
              "timedOut": null,
              "duration": 1908,
              "state": "passed",
              "speed": "fast",
              "pass": true,
              "fail": false,
              "pending": false,
              "context": null,
              "code": "cy.loginFront();\ncy.getbydataCy('product-home-link').first().click();\ncy.getbydataCy('detail-product-add').should('be.visible');",
              "err": {},
              "uuid": "e1830597-f1c9-441f-b909-c12d22529fd3",
              "parentUUID": "7e5eb324-8700-4624-ba14-97470ead2530",
              "isHook": false,
              "skipped": false
            }
          ],
          "suites": [],
          "passes": [
            "0e0fd987-4682-4d86-8b28-719e7ce02d93",
            "e1830597-f1c9-441f-b909-c12d22529fd3"
          ],
          "failures": [],
          "pending": [],
          "skipped": [],
          "duration": 3247,
          "root": false,
          "rootEmpty": false,
          "_timeout": 2000
        }
      ],
      "passes": [],
      "failures": [],
      "pending": [],
      "skipped": [],
      "duration": 0,
      "root": true,
      "rootEmpty": true,
      "_timeout": 2000
    }
  ],
  "meta": {
    "mocha": {
      "version": "7.2.0"
    },
    "mochawesome": {
      "options": {
        "quiet": false,
        "reportFilename": "mochawesome",
        "saveHtml": true,
        "saveJson": true,
        "consoleReporter": "spec",
        "useInlineDiffs": false,
        "code": true
      },
      "version": "7.1.4"
    },
    "marge": {
      "options": {
        "reportDir": "cypress/reports",
        "overwrite": false,
        "html": true,
        "json": true
      },
      "version": "6.3.2"
    }
  }
}