{
  "stats": {
    "suites": 1,
    "tests": 2,
    "passes": 2,
    "pending": 0,
    "failures": 0,
    "start": "2026-04-24T16:56:13.506Z",
    "end": "2026-04-24T16:56:16.892Z",
    "duration": 3386,
    "testsRegistered": 2,
    "passPercent": 100,
    "pendingPercent": 0,
    "other": 0,
    "hasOther": false,
    "skipped": 0,
    "hasSkipped": false
  },
  "results": [
    {
      "uuid": "48f58140-39d1-42b1-81b3-a1593511bc4d",
      "title": "",
      "fullFile": "cypress\\e2e\\smoke_tests.cy.js",
      "file": "cypress\\e2e\\smoke_tests.cy.js",
      "beforeHooks": [],
      "afterHooks": [],
      "tests": [],
      "suites": [
        {
          "uuid": "5b25898d-e574-4aaf-9656-9642281ec6a2",
          "title": "smoke tests",
          "fullFile": "",
          "file": "",
          "beforeHooks": [],
          "afterHooks": [],
          "tests": [
            {
              "title": "should display form and button for login",
              "fullTitle": "smoke tests should display form and button for login",
              "timedOut": null,
              "duration": 878,
              "state": "passed",
              "speed": "fast",
              "pass": true,
              "fail": false,
              "pending": false,
              "context": null,
              "code": "cy.visit('/#/');\ncy.getbydataCy('nav-link-login').should(\"be.visible\");\ncy.getbydataCy('nav-link-login').click();\ncy.getbydataCy('login-input-username').should('be.visible');\ncy.getbydataCy('login-input-password').should('be.visible');\ncy.getbydataCy('login-submit').should('be.visible');",
              "err": {},
              "uuid": "653202e3-fbad-45db-bef0-ed5fba7ef479",
              "parentUUID": "5b25898d-e574-4aaf-9656-9642281ec6a2",
              "isHook": false,
              "skipped": false
            },
            {
              "title": "should display add to cart button when logged in",
              "fullTitle": "smoke tests should display add to cart button when logged in",
              "timedOut": null,
              "duration": 2397,
              "state": "passed",
              "speed": "fast",
              "pass": true,
              "fail": false,
              "pending": false,
              "context": null,
              "code": "cy.loginFront();\ncy.getbydataCy('product-home-link').first().click();\ncy.getbydataCy('detail-product-add').should('be.visible');",
              "err": {},
              "uuid": "e2a83c58-0b8b-4671-a929-342fc966bc09",
              "parentUUID": "5b25898d-e574-4aaf-9656-9642281ec6a2",
              "isHook": false,
              "skipped": false
            }
          ],
          "suites": [],
          "passes": [
            "653202e3-fbad-45db-bef0-ed5fba7ef479",
            "e2a83c58-0b8b-4671-a929-342fc966bc09"
          ],
          "failures": [],
          "pending": [],
          "skipped": [],
          "duration": 3275,
          "root": false,
          "rootEmpty": false,
          "_timeout": 2000
        }
      ],
      "passes": [],
      "failures": [],
      "pending": [],
      "skipped": [],
      "duration": 0,
      "root": true,
      "rootEmpty": true,
      "_timeout": 2000
    }
  ],
  "meta": {
    "mocha": {
      "version": "7.2.0"
    },
    "mochawesome": {
      "options": {
        "quiet": false,
        "reportFilename": "mochawesome",
        "saveHtml": true,
        "saveJson": true,
        "consoleReporter": "spec",
        "useInlineDiffs": false,
        "code": true
      },
      "version": "7.1.4"
    },
    "marge": {
      "options": {
        "reportDir": "cypress/reports",
        "overwrite": false,
        "html": true,
        "json": true
      },
      "version": "6.3.2"
    }
  }
}