{
  "stats": {
    "suites": 3,
    "tests": 8,
    "passes": 6,
    "pending": 0,
    "failures": 2,
    "start": "2026-04-17T09:54:17.031Z",
    "end": "2026-04-17T09:54:19.970Z",
    "duration": 2939,
    "testsRegistered": 8,
    "passPercent": 75,
    "pendingPercent": 0,
    "other": 0,
    "hasOther": false,
    "skipped": 0,
    "hasSkipped": false
  },
  "results": [
    {
      "uuid": "597b6984-d5ec-4044-a861-c5170a10bd08",
      "title": "",
      "fullFile": "cypress\\e2e\\api.cy.js",
      "file": "cypress\\e2e\\api.cy.js",
      "beforeHooks": [],
      "afterHooks": [],
      "tests": [],
      "suites": [
        {
          "uuid": "53d1a233-87c3-4467-b883-1eae20db959f",
          "title": "API Global Testing",
          "fullFile": "",
          "file": "",
          "beforeHooks": [],
          "afterHooks": [],
          "tests": [],
          "suites": [
            {
              "uuid": "90fcf0c2-14c0-4689-9832-979faca41b96",
              "title": "Guest Access",
              "fullFile": "",
              "file": "",
              "beforeHooks": [],
              "afterHooks": [],
              "tests": [
                {
                  "title": "should return 403 when accessing the cart without authentication",
                  "fullTitle": "API Global Testing Guest Access should return 403 when accessing the cart without authentication",
                  "timedOut": null,
                  "duration": 390,
                  "state": "failed",
                  "speed": null,
                  "pass": false,
                  "fail": true,
                  "pending": false,
                  "context": null,
                  "code": "cy.request({\n  method: 'GET',\n  url: `${apiUrl}/orders`,\n  failOnStatusCode: false\n}).then(response => {\n  expect(response.status).to.eq(403);\n});",
                  "err": {
                    "message": "AssertionError: expected 401 to equal 403",
                    "estack": "AssertionError: expected 401 to equal 403\n    at Context.eval (webpack://eco-bliss-bath/./cypress/e2e/api.cy.js:14:43)\n    at getRet (http://localhost:4200/__cypress/runner/cypress_runner.js:122798:20)\n    at tryCatcher (http://localhost:4200/__cypress/runner/cypress_runner.js:1777:23)\n    at Promise.attempt.Promise.try (http://localhost:4200/__cypress/runner/cypress_runner.js:4285:29)\n    at Context.thenFn (http://localhost:4200/__cypress/runner/cypress_runner.js:122809:66)\n    at Context.then (http://localhost:4200/__cypress/runner/cypress_runner.js:123060:21)",
                    "diff": "- 401\n+ 403\n"
                  },
                  "uuid": "b6c7b5ec-27d9-4ce9-9aed-67a480206860",
                  "parentUUID": "90fcf0c2-14c0-4689-9832-979faca41b96",
                  "isHook": false,
                  "skipped": false
                },
                {
                  "title": "should return 401 for login attempt with unknown user",
                  "fullTitle": "API Global Testing Guest Access should return 401 for login attempt with unknown user",
                  "timedOut": null,
                  "duration": 137,
                  "state": "passed",
                  "speed": "fast",
                  "pass": true,
                  "fail": false,
                  "pending": false,
                  "context": null,
                  "code": "cy.request({\n  method: 'POST',\n  url: `${apiUrl}/login`,\n  failOnStatusCode: false,\n  body: {\n    username: \"unknown@user.fr\",\n    password: \"wrongpassword\"\n  }\n}).then(response => {\n  expect(response.status).to.eq(401);\n});",
                  "err": {},
                  "uuid": "881b6d91-d889-4a4a-a5e0-2e2a5b5a2309",
                  "parentUUID": "90fcf0c2-14c0-4689-9832-979faca41b96",
                  "isHook": false,
                  "skipped": false
                },
                {
                  "title": "should return full product specifications for a valid ID",
                  "fullTitle": "API Global Testing Guest Access should return full product specifications for a valid ID",
                  "timedOut": null,
                  "duration": 119,
                  "state": "passed",
                  "speed": "fast",
                  "pass": true,
                  "fail": false,
                  "pending": false,
                  "context": null,
                  "code": "const productID = 9;\ncy.request({\n  method: 'GET',\n  url: `${apiUrl}/products/${productID}`,\n  failOnStatusCode: false\n}).then(response => {\n  expect(response.status).to.eq(200);\n  expect(response.body).to.include.all.keys(\"id\", \"name\", \"availableStock\", \"skin\", \"aromas\", \"ingredients\", \"description\", \"price\", \"picture\", \"varieties\");\n  expect(response.body.id).to.eq(productID);\n});",
                  "err": {},
                  "uuid": "cbbb19be-bdbf-496b-a6d2-3399ea90a989",
                  "parentUUID": "90fcf0c2-14c0-4689-9832-979faca41b96",
                  "isHook": false,
                  "skipped": false
                }
              ],
              "suites": [],
              "passes": [
                "881b6d91-d889-4a4a-a5e0-2e2a5b5a2309",
                "cbbb19be-bdbf-496b-a6d2-3399ea90a989"
              ],
              "failures": [
                "b6c7b5ec-27d9-4ce9-9aed-67a480206860"
              ],
              "pending": [],
              "skipped": [],
              "duration": 646,
              "root": false,
              "rootEmpty": false,
              "_timeout": 2000
            },
            {
              "uuid": "ea77b4cd-0c27-48c4-aca8-cc059edf3d31",
              "title": "Authenticated User Access",
              "fullFile": "",
              "file": "",
              "beforeHooks": [],
              "afterHooks": [],
              "tests": [
                {
                  "title": "should confirm valid login returns code 200 and a token",
                  "fullTitle": "API Global Testing Authenticated User Access should confirm valid login returns code 200 and a token",
                  "timedOut": null,
                  "duration": 883,
                  "state": "passed",
                  "speed": "fast",
                  "pass": true,
                  "fail": false,
                  "pending": false,
                  "context": null,
                  "code": "cy.loginAPI().then(response => {\n  expect(response.status).to.eq(200);\n  expect(response.body).to.have.property('token');\n});",
                  "err": {},
                  "uuid": "8deadf42-6c2c-4381-925c-afb1c138ed0d",
                  "parentUUID": "ea77b4cd-0c27-48c4-aca8-cc059edf3d31",
                  "isHook": false,
                  "skipped": false
                },
                {
                  "title": "should add an available product to the cart",
                  "fullTitle": "API Global Testing Authenticated User Access should add an available product to the cart",
                  "timedOut": null,
                  "duration": 359,
                  "state": "passed",
                  "speed": "fast",
                  "pass": true,
                  "fail": false,
                  "pending": false,
                  "context": null,
                  "code": "cy.request({\n  method: 'PUT',\n  //Utilisation de PUT pour correspondre au fonctionnement actuel de l'API (anomalie relevée par Marie)\n  url: `${apiUrl}/orders/add`,\n  headers: {\n    Authorization: `Bearer ${token}`\n  },\n  body: {\n    product: 5,\n    quantity: 1\n  }\n}).then(response => {\n  expect(response.status).to.eq(200);\n  expect(response.body).to.have.property(\"orderLines\");\n  const productInCart = response.body.orderLines.find(line => line.product.id === 5);\n  expect(productInCart).to.exist;\n  expect(productInCart.quantity).to.be.at.least(1);\n});",
                  "err": {},
                  "uuid": "2ce712f6-25ab-4586-8e74-a5cea18d3848",
                  "parentUUID": "ea77b4cd-0c27-48c4-aca8-cc059edf3d31",
                  "isHook": false,
                  "skipped": false
                },
                {
                  "title": "should not add an unavailable product to the cart",
                  "fullTitle": "API Global Testing Authenticated User Access should not add an unavailable product to the cart",
                  "timedOut": null,
                  "duration": 474,
                  "state": "failed",
                  "speed": null,
                  "pass": false,
                  "fail": true,
                  "pending": false,
                  "context": null,
                  "code": "cy.request({\n  method: 'PUT',\n  //Utilisation de PUT pour correspondre au fonctionnement actuel de l'API (anomalie relevée par Marie)\n  url: `${apiUrl}/orders/add`,\n  headers: {\n    Authorization: `Bearer ${token}`\n  },\n  failOnStatusCode: false,\n  body: {\n    product: 4,\n    quantity: 1\n  }\n}).then(response => {\n  expect(response.status).not.to.eq(200);\n});",
                  "err": {
                    "message": "AssertionError: expected 200 to not equal 200",
                    "estack": "AssertionError: expected 200 to not equal 200\n    at Context.eval (webpack://eco-bliss-bath/./cypress/e2e/api.cy.js:99:47)\n    at getRet (http://localhost:4200/__cypress/runner/cypress_runner.js:122798:20)\n    at tryCatcher (http://localhost:4200/__cypress/runner/cypress_runner.js:1777:23)\n    at Promise.attempt.Promise.try (http://localhost:4200/__cypress/runner/cypress_runner.js:4285:29)\n    at Context.thenFn (http://localhost:4200/__cypress/runner/cypress_runner.js:122809:66)\n    at Context.then (http://localhost:4200/__cypress/runner/cypress_runner.js:123060:21)",
                    "diff": ""
                  },
                  "uuid": "c426df0b-b657-431a-959c-ec4785e6cf01",
                  "parentUUID": "ea77b4cd-0c27-48c4-aca8-cc059edf3d31",
                  "isHook": false,
                  "skipped": false
                },
                {
                  "title": "should retrieve the authenticated user-s cart content",
                  "fullTitle": "API Global Testing Authenticated User Access should retrieve the authenticated user-s cart content",
                  "timedOut": null,
                  "duration": 137,
                  "state": "passed",
                  "speed": "fast",
                  "pass": true,
                  "fail": false,
                  "pending": false,
                  "context": null,
                  "code": "cy.request({\n  method: 'GET',\n  url: `${apiUrl}/orders`,\n  headers: {\n    Authorization: `Bearer ${token}`\n  }\n}).then(response => {\n  expect(response.status).to.eq(200);\n  expect(response.body).to.have.property(\"orderLines\");\n});",
                  "err": {},
                  "uuid": "6ca83cb7-0a3a-4287-ba40-e9f84d0afbea",
                  "parentUUID": "ea77b4cd-0c27-48c4-aca8-cc059edf3d31",
                  "isHook": false,
                  "skipped": false
                },
                {
                  "title": "should post a new review for a product",
                  "fullTitle": "API Global Testing Authenticated User Access should post a new review for a product",
                  "timedOut": null,
                  "duration": 161,
                  "state": "passed",
                  "speed": "fast",
                  "pass": true,
                  "fail": false,
                  "pending": false,
                  "context": null,
                  "code": "const reviewData = {\n  title: _faker.fakerFR.word.words(3),\n  comment: _faker.fakerFR.commerce.productDescription(),\n  rating: _faker.fakerFR.number.int({\n    min: 1,\n    max: 5\n  })\n};\ncy.request({\n  method: 'POST',\n  url: `${apiUrl}/reviews`,\n  headers: {\n    Authorization: `Bearer ${token}`\n  },\n  body: reviewData\n}).then(response => {\n  expect(response.status).to.eq(200);\n  expect(response.body.title).to.eq(reviewData.title);\n  expect(response.body.comment).to.eq(reviewData.comment);\n  expect(response.body.rating).to.eq(reviewData.rating);\n});",
                  "err": {},
                  "uuid": "5347c41b-ddee-4ec8-bd96-ca0327849e82",
                  "parentUUID": "ea77b4cd-0c27-48c4-aca8-cc059edf3d31",
                  "isHook": false,
                  "skipped": false
                }
              ],
              "suites": [],
              "passes": [
                "8deadf42-6c2c-4381-925c-afb1c138ed0d",
                "2ce712f6-25ab-4586-8e74-a5cea18d3848",
                "6ca83cb7-0a3a-4287-ba40-e9f84d0afbea",
                "5347c41b-ddee-4ec8-bd96-ca0327849e82"
              ],
              "failures": [
                "c426df0b-b657-431a-959c-ec4785e6cf01"
              ],
              "pending": [],
              "skipped": [],
              "duration": 2014,
              "root": false,
              "rootEmpty": false,
              "_timeout": 2000
            }
          ],
          "passes": [],
          "failures": [],
          "pending": [],
          "skipped": [],
          "duration": 0,
          "root": false,
          "rootEmpty": false,
          "_timeout": 2000
        }
      ],
      "passes": [],
      "failures": [],
      "pending": [],
      "skipped": [],
      "duration": 0,
      "root": true,
      "rootEmpty": true,
      "_timeout": 2000
    }
  ],
  "meta": {
    "mocha": {
      "version": "7.2.0"
    },
    "mochawesome": {
      "options": {
        "quiet": false,
        "reportFilename": "mochawesome",
        "saveHtml": true,
        "saveJson": true,
        "consoleReporter": "spec",
        "useInlineDiffs": false,
        "code": true
      },
      "version": "7.1.4"
    },
    "marge": {
      "options": {
        "reportDir": "cypress/reports",
        "overwrite": false,
        "html": true,
        "json": true
      },
      "version": "6.3.2"
    }
  }
}