{
  "stats": {
    "suites": 1,
    "tests": 1,
    "passes": 1,
    "pending": 0,
    "failures": 0,
    "start": "2026-04-17T06:18:55.031Z",
    "end": "2026-04-17T06:18:57.928Z",
    "duration": 2897,
    "testsRegistered": 1,
    "passPercent": 100,
    "pendingPercent": 0,
    "other": 0,
    "hasOther": false,
    "skipped": 0,
    "hasSkipped": false
  },
  "results": [
    {
      "uuid": "01fe8380-1539-4d8f-998a-33ef90c75e44",
      "title": "",
      "fullFile": "cypress\\e2e\\functional_login.cy.js",
      "file": "cypress\\e2e\\functional_login.cy.js",
      "beforeHooks": [],
      "afterHooks": [],
      "tests": [],
      "suites": [
        {
          "uuid": "0031d2c9-3ed9-443f-b059-0f912cd6239a",
          "title": "Functional Login Testing",
          "fullFile": "",
          "file": "",
          "beforeHooks": [],
          "afterHooks": [],
          "tests": [
            {
              "title": "should log in successfully and display the cart button",
              "fullTitle": "Functional Login Testing should log in successfully and display the cart button",
              "timedOut": null,
              "duration": 2821,
              "state": "passed",
              "speed": "fast",
              "pass": true,
              "fail": false,
              "pending": false,
              "context": null,
              "code": "cy.loginFront();\ncy.getbydataCy('nav-link-cart').should('be.visible');\ncy.getbydataCy('nav-link-logout').should('be.visible');",
              "err": {},
              "uuid": "819bbbf0-6e84-43ae-99ab-de63cc7b0249",
              "parentUUID": "0031d2c9-3ed9-443f-b059-0f912cd6239a",
              "isHook": false,
              "skipped": false
            }
          ],
          "suites": [],
          "passes": [
            "819bbbf0-6e84-43ae-99ab-de63cc7b0249"
          ],
          "failures": [],
          "pending": [],
          "skipped": [],
          "duration": 2821,
          "root": false,
          "rootEmpty": false,
          "_timeout": 2000
        }
      ],
      "passes": [],
      "failures": [],
      "pending": [],
      "skipped": [],
      "duration": 0,
      "root": true,
      "rootEmpty": true,
      "_timeout": 2000
    }
  ],
  "meta": {
    "mocha": {
      "version": "7.2.0"
    },
    "mochawesome": {
      "options": {
        "quiet": false,
        "reportFilename": "mochawesome",
        "saveHtml": true,
        "saveJson": true,
        "consoleReporter": "spec",
        "useInlineDiffs": false,
        "code": true
      },
      "version": "7.1.4"
    },
    "marge": {
      "options": {
        "reportDir": "cypress/reports",
        "overwrite": false,
        "html": true,
        "json": true
      },
      "version": "6.3.2"
    }
  }
}