{
  "stats": {
    "suites": 1,
    "tests": 1,
    "passes": 1,
    "pending": 0,
    "failures": 0,
    "start": "2026-04-17T06:19:07.019Z",
    "end": "2026-04-17T06:19:11.252Z",
    "duration": 4233,
    "testsRegistered": 1,
    "passPercent": 100,
    "pendingPercent": 0,
    "other": 0,
    "hasOther": false,
    "skipped": 0,
    "hasSkipped": false
  },
  "results": [
    {
      "uuid": "9a58fa0e-7402-4a15-8202-54f97c31d9d0",
      "title": "",
      "fullFile": "cypress\\e2e\\xss.cy.js",
      "file": "cypress\\e2e\\xss.cy.js",
      "beforeHooks": [],
      "afterHooks": [],
      "tests": [],
      "suites": [
        {
          "uuid": "73b76936-d7e2-4014-ad3d-79a224224b24",
          "title": "XSS Security Testing",
          "fullFile": "",
          "file": "",
          "beforeHooks": [],
          "afterHooks": [],
          "tests": [
            {
              "title": "should not execute a script injected in the review comment field",
              "fullTitle": "XSS Security Testing should not execute a script injected in the review comment field",
              "timedOut": null,
              "duration": 4148,
              "state": "passed",
              "speed": "fast",
              "pass": true,
              "fail": false,
              "pending": false,
              "context": null,
              "code": "const title = _faker.fakerFR.word.words(3);\nconst comment = '<script>alert(\"XSS\")</script>';\nconst rating = _faker.fakerFR.number.int({\n  min: 1,\n  max: 5\n});\ncy.intercept('POST', '**/login').as('POSTlogin');\ncy.loginFront();\ncy.wait('@POSTlogin').then(() => {\n  cy.getbydataCy('nav-link-reviews').click();\n  cy.getbydataCy('review-input-rating-images').click().find('img').eq(rating - 1).click();\n  cy.getbydataCy('review-input-title').type(title);\n  cy.getbydataCy('review-input-comment').type(comment);\n  cy.intercept('POST', '**/reviews').as('postReview');\n  cy.getbydataCy('review-submit').click();\n  cy.wait('@postReview');\n  cy.on('window:alert', () => {\n    throw new Error('XSS vulnerability detected: alert was executed');\n  });\n});",
              "err": {},
              "uuid": "e3abab91-2cd7-4fc2-982f-4eeea6dacdc8",
              "parentUUID": "73b76936-d7e2-4014-ad3d-79a224224b24",
              "isHook": false,
              "skipped": false
            }
          ],
          "suites": [],
          "passes": [
            "e3abab91-2cd7-4fc2-982f-4eeea6dacdc8"
          ],
          "failures": [],
          "pending": [],
          "skipped": [],
          "duration": 4148,
          "root": false,
          "rootEmpty": false,
          "_timeout": 2000
        }
      ],
      "passes": [],
      "failures": [],
      "pending": [],
      "skipped": [],
      "duration": 0,
      "root": true,
      "rootEmpty": true,
      "_timeout": 2000
    }
  ],
  "meta": {
    "mocha": {
      "version": "7.2.0"
    },
    "mochawesome": {
      "options": {
        "quiet": false,
        "reportFilename": "mochawesome",
        "saveHtml": true,
        "saveJson": true,
        "consoleReporter": "spec",
        "useInlineDiffs": false,
        "code": true
      },
      "version": "7.1.4"
    },
    "marge": {
      "options": {
        "reportDir": "cypress/reports",
        "overwrite": false,
        "html": true,
        "json": true
      },
      "version": "6.3.2"
    }
  }
}